Using pre-set license
Built from '2022.3/staging' branch; Version is '2022.3.23f1 (dbb3f7c5b5c6) revision 14398455'; Using compiler version '192829333'; Build Type 'Release'
OS: 'Windows 10  (10.0.19045) 64bit Professional' Language: 'en' Physical Memory: 65327 MB
BatchMode: 1, IsHumanControllingUs: 0, StartBugReporterOnCrash: 0, Is64bit: 1, IsPro: 1

COMMAND LINE ARGUMENTS:
E:\Unity\2022.3.23f1\Editor\Unity.exe
-adb2
-batchMode
-noUpm
-name
AssetImportWorker0
-projectPath
D:/GIT_FILES/Groove_2024/Groove_2024
-logFile
Logs/AssetImportWorker0.log
-srvPort
54662
Successfully changed project path to: D:/GIT_FILES/Groove_2024/Groove_2024
D:/GIT_FILES/Groove_2024/Groove_2024
[UnityMemory] Configuration Parameters - Can be set up in boot.config
    "memorysetup-bucket-allocator-granularity=16"
    "memorysetup-bucket-allocator-bucket-count=8"
    "memorysetup-bucket-allocator-block-size=33554432"
    "memorysetup-bucket-allocator-block-count=8"
    "memorysetup-main-allocator-block-size=16777216"
    "memorysetup-thread-allocator-block-size=16777216"
    "memorysetup-gfx-main-allocator-block-size=16777216"
    "memorysetup-gfx-thread-allocator-block-size=16777216"
    "memorysetup-cache-allocator-block-size=4194304"
    "memorysetup-typetree-allocator-block-size=2097152"
    "memorysetup-profiler-bucket-allocator-granularity=16"
    "memorysetup-profiler-bucket-allocator-bucket-count=8"
    "memorysetup-profiler-bucket-allocator-block-size=33554432"
    "memorysetup-profiler-bucket-allocator-block-count=8"
    "memorysetup-profiler-allocator-block-size=16777216"
    "memorysetup-profiler-editor-allocator-block-size=1048576"
    "memorysetup-temp-allocator-size-main=16777216"
    "memorysetup-job-temp-allocator-block-size=2097152"
    "memorysetup-job-temp-allocator-block-size-background=1048576"
    "memorysetup-job-temp-allocator-reduction-small-platforms=262144"
    "memorysetup-allocator-temp-initial-block-size-main=262144"
    "memorysetup-allocator-temp-initial-block-size-worker=262144"
    "memorysetup-temp-allocator-size-background-worker=32768"
    "memorysetup-temp-allocator-size-job-worker=262144"
    "memorysetup-temp-allocator-size-preload-manager=33554432"
    "memorysetup-temp-allocator-size-nav-mesh-worker=65536"
    "memorysetup-temp-allocator-size-audio-worker=65536"
    "memorysetup-temp-allocator-size-cloud-worker=32768"
    "memorysetup-temp-allocator-size-gi-baking-worker=262144"
    "memorysetup-temp-allocator-size-gfx=262144"
Player connection [22308] Host "[IP] 192.168.1.151 [Port] 0 [Flags] 2 [Guid] 1005950500 [EditorId] 1005950500 [Version] 1048832 [Id] WindowsEditor(7,DESKTOP-1S2D6BG) [Debug] 1 [PackageName] WindowsEditor [ProjectName] Editor" joined multi-casting on [225.0.0.222:54997]...

Player connection [22308] Host "[IP] 192.168.1.151 [Port] 0 [Flags] 2 [Guid] 1005950500 [EditorId] 1005950500 [Version] 1048832 [Id] WindowsEditor(7,DESKTOP-1S2D6BG) [Debug] 1 [PackageName] WindowsEditor [ProjectName] Editor" joined alternative multi-casting on [225.0.0.222:34997]...

[Physics::Module] Initialized MultithreadedJobDispatcher with 23 workers.
Refreshing native plugins compatible for Editor in 5.82 ms, found 3 plugins.
Preloading 0 native plugins for Editor in 0.00 ms.
Initialize engine version: 2022.3.23f1 (dbb3f7c5b5c6)
[Subsystems] Discovering subsystems at path E:/Unity/2022.3.23f1/Editor/Data/Resources/UnitySubsystems
[Subsystems] Discovering subsystems at path D:/GIT_FILES/Groove_2024/Groove_2024/Assets
GfxDevice: creating device client; threaded=0; jobified=0
Direct3D:
    Version:  Direct3D 11.0 [level 11.1]
    Renderer: NVIDIA GeForce RTX 4090 (ID=0x2684)
    Vendor:   NVIDIA
    VRAM:     24142 MB
    Driver:   32.0.15.7283
Initialize mono
Mono path[0] = 'E:/Unity/2022.3.23f1/Editor/Data/Managed'
Mono path[1] = 'E:/Unity/2022.3.23f1/Editor/Data/MonoBleedingEdge/lib/mono/unityjit-win32'
Mono config path = 'E:/Unity/2022.3.23f1/Editor/Data/MonoBleedingEdge/etc'
Using monoOptions --debugger-agent=transport=dt_socket,embedding=1,server=y,suspend=n,address=127.0.0.1:56188
Begin MonoManager ReloadAssembly
Registering precompiled unity dll's ...
Register platform support module: E:/Unity/2022.3.23f1/Editor/Data/PlaybackEngines/WindowsStandaloneSupport/UnityEditor.WindowsStandalone.Extensions.dll
Registered in 0.003295 seconds.
- Loaded All Assemblies, in  0.321 seconds
Native extension for WindowsStandalone target not found
Mono: successfully reloaded assembly
- Finished resetting the current domain, in  0.291 seconds
Domain Reload Profiling: 612ms
	BeginReloadAssembly (99ms)
		ExecutionOrderSort (0ms)
		DisableScriptedObjects (0ms)
		BackupInstance (0ms)
		ReleaseScriptingObjects (0ms)
		CreateAndSetChildDomain (1ms)
	RebuildCommonClasses (31ms)
	RebuildNativeTypeToScriptingClass (11ms)
	initialDomainReloadingComplete (48ms)
	LoadAllAssembliesAndSetupDomain (133ms)
		LoadAssemblies (98ms)
		RebuildTransferFunctionScriptingTraits (0ms)
		AnalyzeDomain (131ms)
			TypeCache.Refresh (130ms)
				TypeCache.ScanAssembly (117ms)
			ScanForSourceGeneratedMonoScriptInfo (0ms)
			ResolveRequiredComponents (0ms)
	FinalizeReload (291ms)
		ReleaseScriptCaches (0ms)
		RebuildScriptCaches (0ms)
		SetupLoadedEditorAssemblies (227ms)
			LogAssemblyErrors (0ms)
			InitializePlatformSupportModulesInManaged (9ms)
			SetLoadedEditorAssemblies (7ms)
			RefreshPlugins (0ms)
			BeforeProcessingInitializeOnLoad (2ms)
			ProcessInitializeOnLoadAttributes (161ms)
			ProcessInitializeOnLoadMethodAttributes (48ms)
			AfterProcessingInitializeOnLoad (0ms)
			EditorAssembliesLoaded (0ms)
		ExecutionOrderSort2 (0ms)
		AwakeInstancesAfterBackupRestoration (0ms)
========================================================================
Worker process is ready to serve import requests
Begin MonoManager ReloadAssembly
- Loaded All Assemblies, in  0.596 seconds
Refreshing native plugins compatible for Editor in 2.21 ms, found 3 plugins.
Native extension for WindowsStandalone target not found
Package Manager log level set to [2]
[Package Manager] Server::EnsureServerProcessIsRunning -- launch failed, reason: Unity was launched with the -noUpm command-line argument
[Package Manager] UpmClient::Send -- Unable to send message (not connected to UPM process).
[Package Manager] Cannot connect to Unity Package Manager local server
Mono: successfully reloaded assembly
- Finished resetting the current domain, in  0.562 seconds
Domain Reload Profiling: 1158ms
	BeginReloadAssembly (144ms)
		ExecutionOrderSort (0ms)
		DisableScriptedObjects (6ms)
		BackupInstance (0ms)
		ReleaseScriptingObjects (0ms)
		CreateAndSetChildDomain (19ms)
	RebuildCommonClasses (33ms)
	RebuildNativeTypeToScriptingClass (11ms)
	initialDomainReloadingComplete (39ms)
	LoadAllAssembliesAndSetupDomain (368ms)
		LoadAssemblies (274ms)
		RebuildTransferFunctionScriptingTraits (0ms)
		AnalyzeDomain (179ms)
			TypeCache.Refresh (154ms)
				TypeCache.ScanAssembly (139ms)
			ScanForSourceGeneratedMonoScriptInfo (18ms)
			ResolveRequiredComponents (6ms)
	FinalizeReload (562ms)
		ReleaseScriptCaches (0ms)
		RebuildScriptCaches (0ms)
		SetupLoadedEditorAssemblies (420ms)
			LogAssemblyErrors (0ms)
			InitializePlatformSupportModulesInManaged (5ms)
			SetLoadedEditorAssemblies (3ms)
			RefreshPlugins (0ms)
			BeforeProcessingInitializeOnLoad (51ms)
			ProcessInitializeOnLoadAttributes (339ms)
			ProcessInitializeOnLoadMethodAttributes (20ms)
			AfterProcessingInitializeOnLoad (3ms)
			EditorAssembliesLoaded (0ms)
		ExecutionOrderSort2 (0ms)
		AwakeInstancesAfterBackupRestoration (7ms)
Failed to load shader (instanceID 438, GUID 209f4c3496c1b46a3a2f9f0f27be788f)
Failed to load shader (instanceID 446, GUID 911130a939bf84843bcc4211c327f579)
Failed to load shader (instanceID 416, GUID c84d57d423a2042eb92da86f9fa670a3)
Failed to load shader (instanceID 414, GUID 1ccecd9b89b8a4f14bfb64f29ddfcc81)
Failed to load shader (instanceID 428, GUID 04b5dda5f278e4f56a9dbda64d90bb95)
Failed to load shader (instanceID 424, GUID 4293210a3280c4283b9872316017f1f9)
Failed to load shader (instanceID 440, GUID 8ca8b34aa013842f3b399b6961e7dc3b)
Failed to load shader (instanceID 430, GUID e8c3a1662a88140ae84d69a3a4cfdbaa)
Failed to load shader (instanceID 434, GUID 4300ae919783d4fa38001d745fbdecc1)
Failed to load shader (instanceID 418, GUID cfa7edf01005f4e338d973cea2f6eab3)
Failed to load shader (instanceID 420, GUID 35e778fba8b2b49a198d8d7cfced67eb)
Failed to load shader (instanceID 436, GUID a07688e921e974338945464731e069ce)
Failed to load shader (instanceID 422, GUID 86212504c7e9f468db2300dc5932dc17)
Failed to load shader (instanceID 426, GUID d6e5744ac426949ff8c0f02936689d4c)
Failed to load shader (instanceID 448, GUID 24f9f312f97bd48dba1a728d58c89842)
Failed to load shader (instanceID 450, GUID 6f37d9e45fbae41b386f76d3bfefec4a)
Failed to load shader (instanceID 442, GUID 1fd883d610b2f42a98fc7abaf6809430)
Failed to load shader (instanceID 412, GUID c26db15b9a2ed4b2ebefefd26ce85ae1)
Failed to load shader (instanceID 444, GUID 25b8a80cb03994c769145599929a5e97)
Failed to load shader (instanceID 432, GUID 33cb4e8ff0c1d43ac8ec40692656c7ed)
Launched and connected shader compiler UnityShaderCompiler.exe after 0.03 seconds
Refreshing native plugins compatible for Editor in 2.11 ms, found 3 plugins.
Preloading 0 native plugins for Editor in 0.00 ms.
Unloading 3104 Unused Serialized files (Serialized files now loaded: 0)
Unloading 32 unused Assets / (57.0 KB). Loaded Objects now: 3567.
Memory consumption went from 123.2 MB to 123.1 MB.
Total: 3.495100 ms (FindLiveObjects: 0.458000 ms CreateObjectMapping: 0.109700 ms MarkObjects: 2.782600 ms  DeleteObjects: 0.143800 ms)

AssetImportParameters requested are different than current active one (requested -> active):
  custom:container-demuxer-ogg: 62fdf1f143b41e24485cea50d1cbac27 -> 
  custom:video-decoder-ogg-theora: a1e56fd34408186e4bbccfd4996cb3dc -> 
  custom:framework-win-MediaFoundation: 216162199b28c13a410421893ffa2e32 -> 
  custom:CustomObjectIndexerAttribute: 9a22284fe3817be447336de3de66b15e -> 
  custom:container-demuxer-webm: 4f35f7cbe854078d1ac9338744f61a02 -> 
  custom:container-muxer-webm: aa71ff27fc2769a1b78a27578f13a17b -> 
  custom:video-decoder-webm-vp8: 9c59270c3fd7afecdb556c50c9e8de78 -> 
  custom:SearchIndexIgnoredProperties: e643bd26f0fe6173181afceb89e7c659 -> 
  custom:AudioImporter_EditorPlatform: d09bf68614088b80899f8185d706f6e7 -> 
  custom:video-encoder-webm-vp8: eb34c28f22e8b96e1ab97ce403110664 -> 
  custom:audio-decoder-ogg-vorbis: bf7c407c2cedff20999df2af8eb42d56 -> 
  custom:audio-encoder-webm-vorbis: bf7c407c2cedff20999df2af8eb42d56 -> 
========================================================================
Received Import Request.
  Time since last request: 123465.591770 seconds.
  path: Assets/c_BoardLogic.cs
  artifactKey: Guid(0d357503e27b51948b8ca2b6af3c5df0) Importer(815301076,1909f56bfc062723c751e8b465ee728b)
Start importing Assets/c_BoardLogic.cs using Guid(0d357503e27b51948b8ca2b6af3c5df0) Importer(815301076,1909f56bfc062723c751e8b465ee728b)  -> (artifact id: '181a9a6a524406177093071e2715f4a4') in 0.002714 seconds
Number of updated asset objects reloaded before import = 0
Number of asset objects unloaded after import = 0
========================================================================
Received Import Request.
  Time since last request: 18.434179 seconds.
  path: Assets/c_BoardLogic.cs
  artifactKey: Guid(0d357503e27b51948b8ca2b6af3c5df0) Importer(815301076,1909f56bfc062723c751e8b465ee728b)
Start importing Assets/c_BoardLogic.cs using Guid(0d357503e27b51948b8ca2b6af3c5df0) Importer(815301076,1909f56bfc062723c751e8b465ee728b)  -> (artifact id: 'b0b4ddd611385632031c853cea953b04') in 0.000470 seconds
Number of updated asset objects reloaded before import = 0
Number of asset objects unloaded after import = 0
========================================================================
Received Import Request.
  Time since last request: 223.122577 seconds.
  path: Assets/c_BoardLogic.cs
  artifactKey: Guid(0d357503e27b51948b8ca2b6af3c5df0) Importer(815301076,1909f56bfc062723c751e8b465ee728b)
Start importing Assets/c_BoardLogic.cs using Guid(0d357503e27b51948b8ca2b6af3c5df0) Importer(815301076,1909f56bfc062723c751e8b465ee728b)  -> (artifact id: '91ab6299c4f0841cd362ea42c1b00dbe') in 0.000476 seconds
Number of updated asset objects reloaded before import = 0
Number of asset objects unloaded after import = 0
========================================================================
Received Prepare
Begin MonoManager ReloadAssembly
- Loaded All Assemblies, in  0.398 seconds
Refreshing native plugins compatible for Editor in 2.63 ms, found 3 plugins.
Native extension for WindowsStandalone target not found
[Package Manager] Server::EnsureServerProcessIsRunning -- launch failed, reason: Unity was launched with the -noUpm command-line argument
[Package Manager] UpmClient::Send -- Unable to send message (not connected to UPM process).
[Package Manager] Cannot connect to Unity Package Manager local server
Mono: successfully reloaded assembly
- Finished resetting the current domain, in  0.798 seconds
Domain Reload Profiling: 1196ms
	BeginReloadAssembly (134ms)
		ExecutionOrderSort (0ms)
		DisableScriptedObjects (5ms)
		BackupInstance (0ms)
		ReleaseScriptingObjects (0ms)
		CreateAndSetChildDomain (31ms)
	RebuildCommonClasses (31ms)
	RebuildNativeTypeToScriptingClass (11ms)
	initialDomainReloadingComplete (23ms)
	LoadAllAssembliesAndSetupDomain (198ms)
		LoadAssemblies (236ms)
		RebuildTransferFunctionScriptingTraits (0ms)
		AnalyzeDomain (26ms)
			TypeCache.Refresh (9ms)
				TypeCache.ScanAssembly (0ms)
			ScanForSourceGeneratedMonoScriptInfo (8ms)
			ResolveRequiredComponents (7ms)
	FinalizeReload (799ms)
		ReleaseScriptCaches (0ms)
		RebuildScriptCaches (0ms)
		SetupLoadedEditorAssemblies (380ms)
			LogAssemblyErrors (0ms)
			InitializePlatformSupportModulesInManaged (5ms)
			SetLoadedEditorAssemblies (3ms)
			RefreshPlugins (0ms)
			BeforeProcessingInitializeOnLoad (53ms)
			ProcessInitializeOnLoadAttributes (295ms)
			ProcessInitializeOnLoadMethodAttributes (21ms)
			AfterProcessingInitializeOnLoad (3ms)
			EditorAssembliesLoaded (0ms)
		ExecutionOrderSort2 (0ms)
		AwakeInstancesAfterBackupRestoration (7ms)
Failed to load shader (instanceID 438, GUID 209f4c3496c1b46a3a2f9f0f27be788f)
Failed to load shader (instanceID 446, GUID 911130a939bf84843bcc4211c327f579)
Failed to load shader (instanceID 416, GUID c84d57d423a2042eb92da86f9fa670a3)
Failed to load shader (instanceID 414, GUID 1ccecd9b89b8a4f14bfb64f29ddfcc81)
Failed to load shader (instanceID 428, GUID 04b5dda5f278e4f56a9dbda64d90bb95)
Failed to load shader (instanceID 424, GUID 4293210a3280c4283b9872316017f1f9)
Failed to load shader (instanceID 440, GUID 8ca8b34aa013842f3b399b6961e7dc3b)
Failed to load shader (instanceID 430, GUID e8c3a1662a88140ae84d69a3a4cfdbaa)
Failed to load shader (instanceID 434, GUID 4300ae919783d4fa38001d745fbdecc1)
Failed to load shader (instanceID 418, GUID cfa7edf01005f4e338d973cea2f6eab3)
Failed to load shader (instanceID 420, GUID 35e778fba8b2b49a198d8d7cfced67eb)
Failed to load shader (instanceID 436, GUID a07688e921e974338945464731e069ce)
Failed to load shader (instanceID 422, GUID 86212504c7e9f468db2300dc5932dc17)
Failed to load shader (instanceID 426, GUID d6e5744ac426949ff8c0f02936689d4c)
Failed to load shader (instanceID 448, GUID 24f9f312f97bd48dba1a728d58c89842)
Failed to load shader (instanceID 450, GUID 6f37d9e45fbae41b386f76d3bfefec4a)
Failed to load shader (instanceID 442, GUID 1fd883d610b2f42a98fc7abaf6809430)
Failed to load shader (instanceID 412, GUID c26db15b9a2ed4b2ebefefd26ce85ae1)
Failed to load shader (instanceID 444, GUID 25b8a80cb03994c769145599929a5e97)
Failed to load shader (instanceID 432, GUID 33cb4e8ff0c1d43ac8ec40692656c7ed)
Refreshing native plugins compatible for Editor in 2.01 ms, found 3 plugins.
Preloading 0 native plugins for Editor in 0.00 ms.
Unloading 3096 Unused Serialized files (Serialized files now loaded: 0)
Unloading 23 unused Assets / (31.1 KB). Loaded Objects now: 3570.
Memory consumption went from 123.9 MB to 123.9 MB.
Total: 3.160200 ms (FindLiveObjects: 0.469300 ms CreateObjectMapping: 0.115400 ms MarkObjects: 2.522100 ms  DeleteObjects: 0.052200 ms)

Prepare: number of updated asset objects reloaded= 0
AssetImportParameters requested are different than current active one (requested -> active):
  custom:container-demuxer-ogg: 62fdf1f143b41e24485cea50d1cbac27 -> 
  custom:video-decoder-ogg-theora: a1e56fd34408186e4bbccfd4996cb3dc -> 
  custom:framework-win-MediaFoundation: 216162199b28c13a410421893ffa2e32 -> 
  custom:CustomObjectIndexerAttribute: 9a22284fe3817be447336de3de66b15e -> 
  custom:container-demuxer-webm: 4f35f7cbe854078d1ac9338744f61a02 -> 
  custom:container-muxer-webm: aa71ff27fc2769a1b78a27578f13a17b -> 
  custom:video-decoder-webm-vp8: 9c59270c3fd7afecdb556c50c9e8de78 -> 
  custom:SearchIndexIgnoredProperties: e643bd26f0fe6173181afceb89e7c659 -> 
  custom:AudioImporter_EditorPlatform: d09bf68614088b80899f8185d706f6e7 -> 
  custom:video-encoder-webm-vp8: eb34c28f22e8b96e1ab97ce403110664 -> 
  custom:audio-decoder-ogg-vorbis: bf7c407c2cedff20999df2af8eb42d56 -> 
  custom:audio-encoder-webm-vorbis: bf7c407c2cedff20999df2af8eb42d56 -> 
========================================================================
Received Import Request.
  Time since last request: 25.856032 seconds.
  path: Assets/BoardObjects
  artifactKey: Guid(36e7a2be9e03f034aa2143d66133c1ea) Importer(815301076,1909f56bfc062723c751e8b465ee728b)
Start importing Assets/BoardObjects using Guid(36e7a2be9e03f034aa2143d66133c1ea) Importer(815301076,1909f56bfc062723c751e8b465ee728b)  -> (artifact id: '3daa426edfa6f64a8d7a462433851752') in 0.011033 seconds
Number of updated asset objects reloaded before import = 0
Number of asset objects unloaded after import = 0
========================================================================
Received Import Request.
  Time since last request: 17.092783 seconds.
  path: Assets/BoardObjects/Default
  artifactKey: Guid(a1e541ea6308a4844b3846d21b04621c) Importer(815301076,1909f56bfc062723c751e8b465ee728b)
Start importing Assets/BoardObjects/Default using Guid(a1e541ea6308a4844b3846d21b04621c) Importer(815301076,1909f56bfc062723c751e8b465ee728b)  -> (artifact id: 'afc3d90aacf0a0179df91b38bbe95020') in 0.000449 seconds
Number of updated asset objects reloaded before import = 0
Number of asset objects unloaded after import = 0
========================================================================
Received Import Request.
  Time since last request: 0.036096 seconds.
  path: Assets/BoardObjects/Default/Squircle.prefab
  artifactKey: Guid(6d365cebee360e743845e604c040f4eb) Importer(815301076,1909f56bfc062723c751e8b465ee728b)
Start importing Assets/BoardObjects/Default/Squircle.prefab using Guid(6d365cebee360e743845e604c040f4eb) Importer(815301076,1909f56bfc062723c751e8b465ee728b)  -> (artifact id: '87b652d54946f76dcad31280249ca011') in 0.025902 seconds
Number of updated asset objects reloaded before import = 0
Number of asset objects unloaded after import = 8
========================================================================
Received Import Request.
  Time since last request: 2.171514 seconds.
  path: Assets/BoardObjects/Default/Backdrop.prefab
  artifactKey: Guid(8160060321e7f15458f276ad9aeed012) Importer(815301076,1909f56bfc062723c751e8b465ee728b)
Start importing Assets/BoardObjects/Default/Backdrop.prefab using Guid(8160060321e7f15458f276ad9aeed012) Importer(815301076,1909f56bfc062723c751e8b465ee728b)  -> (artifact id: 'd4042e8012507b135ccdea4da9ace53d') in 0.089514 seconds
Number of updated asset objects reloaded before import = 0
Number of asset objects unloaded after import = 8
========================================================================
Received Prepare
Begin MonoManager ReloadAssembly
- Loaded All Assemblies, in  0.416 seconds
Refreshing native plugins compatible for Editor in 2.49 ms, found 3 plugins.
Native extension for WindowsStandalone target not found
[Package Manager] Server::EnsureServerProcessIsRunning -- launch failed, reason: Unity was launched with the -noUpm command-line argument
[Package Manager] UpmClient::Send -- Unable to send message (not connected to UPM process).
[Package Manager] Cannot connect to Unity Package Manager local server
Mono: successfully reloaded assembly
- Finished resetting the current domain, in  0.822 seconds
Domain Reload Profiling: 1238ms
	BeginReloadAssembly (138ms)
		ExecutionOrderSort (0ms)
		DisableScriptedObjects (6ms)
		BackupInstance (0ms)
		ReleaseScriptingObjects (0ms)
		CreateAndSetChildDomain (30ms)
	RebuildCommonClasses (31ms)
	RebuildNativeTypeToScriptingClass (11ms)
	initialDomainReloadingComplete (26ms)
	LoadAllAssembliesAndSetupDomain (209ms)
		LoadAssemblies (251ms)
		RebuildTransferFunctionScriptingTraits (0ms)
		AnalyzeDomain (26ms)
			TypeCache.Refresh (9ms)
				TypeCache.ScanAssembly (0ms)
			ScanForSourceGeneratedMonoScriptInfo (8ms)
			ResolveRequiredComponents (7ms)
	FinalizeReload (823ms)
		ReleaseScriptCaches (0ms)
		RebuildScriptCaches (0ms)
		SetupLoadedEditorAssemblies (409ms)
			LogAssemblyErrors (0ms)
			InitializePlatformSupportModulesInManaged (5ms)
			SetLoadedEditorAssemblies (3ms)
			RefreshPlugins (0ms)
			BeforeProcessingInitializeOnLoad (61ms)
			ProcessInitializeOnLoadAttributes (314ms)
			ProcessInitializeOnLoadMethodAttributes (23ms)
			AfterProcessingInitializeOnLoad (3ms)
			EditorAssembliesLoaded (0ms)
		ExecutionOrderSort2 (0ms)
		AwakeInstancesAfterBackupRestoration (8ms)
Failed to load shader (instanceID 438, GUID 209f4c3496c1b46a3a2f9f0f27be788f)
Failed to load shader (instanceID 446, GUID 911130a939bf84843bcc4211c327f579)
Failed to load shader (instanceID 416, GUID c84d57d423a2042eb92da86f9fa670a3)
Failed to load shader (instanceID 414, GUID 1ccecd9b89b8a4f14bfb64f29ddfcc81)
Failed to load shader (instanceID 428, GUID 04b5dda5f278e4f56a9dbda64d90bb95)
Failed to load shader (instanceID 424, GUID 4293210a3280c4283b9872316017f1f9)
Failed to load shader (instanceID 440, GUID 8ca8b34aa013842f3b399b6961e7dc3b)
Failed to load shader (instanceID 430, GUID e8c3a1662a88140ae84d69a3a4cfdbaa)
Failed to load shader (instanceID 434, GUID 4300ae919783d4fa38001d745fbdecc1)
Failed to load shader (instanceID 418, GUID cfa7edf01005f4e338d973cea2f6eab3)
Failed to load shader (instanceID 420, GUID 35e778fba8b2b49a198d8d7cfced67eb)
Failed to load shader (instanceID 436, GUID a07688e921e974338945464731e069ce)
Failed to load shader (instanceID 422, GUID 86212504c7e9f468db2300dc5932dc17)
Failed to load shader (instanceID 426, GUID d6e5744ac426949ff8c0f02936689d4c)
Failed to load shader (instanceID 448, GUID 24f9f312f97bd48dba1a728d58c89842)
Failed to load shader (instanceID 450, GUID 6f37d9e45fbae41b386f76d3bfefec4a)
Failed to load shader (instanceID 442, GUID 1fd883d610b2f42a98fc7abaf6809430)
Failed to load shader (instanceID 412, GUID c26db15b9a2ed4b2ebefefd26ce85ae1)
Failed to load shader (instanceID 444, GUID 25b8a80cb03994c769145599929a5e97)
Failed to load shader (instanceID 432, GUID 33cb4e8ff0c1d43ac8ec40692656c7ed)
Refreshing native plugins compatible for Editor in 1.85 ms, found 3 plugins.
Preloading 0 native plugins for Editor in 0.00 ms.
Unloading 3096 Unused Serialized files (Serialized files now loaded: 0)
Unloading 23 unused Assets / (31.1 KB). Loaded Objects now: 3582.
Memory consumption went from 130.3 MB to 130.3 MB.
Total: 2.965500 ms (FindLiveObjects: 0.448100 ms CreateObjectMapping: 0.112200 ms MarkObjects: 2.358000 ms  DeleteObjects: 0.046400 ms)

Prepare: number of updated asset objects reloaded= 0
AssetImportParameters requested are different than current active one (requested -> active):
  custom:container-demuxer-ogg: 62fdf1f143b41e24485cea50d1cbac27 -> 
  custom:video-decoder-ogg-theora: a1e56fd34408186e4bbccfd4996cb3dc -> 
  custom:framework-win-MediaFoundation: 216162199b28c13a410421893ffa2e32 -> 
  custom:CustomObjectIndexerAttribute: 9a22284fe3817be447336de3de66b15e -> 
  custom:container-demuxer-webm: 4f35f7cbe854078d1ac9338744f61a02 -> 
  custom:container-muxer-webm: aa71ff27fc2769a1b78a27578f13a17b -> 
  custom:video-decoder-webm-vp8: 9c59270c3fd7afecdb556c50c9e8de78 -> 
  custom:SearchIndexIgnoredProperties: e643bd26f0fe6173181afceb89e7c659 -> 
  custom:AudioImporter_EditorPlatform: d09bf68614088b80899f8185d706f6e7 -> 
  custom:video-encoder-webm-vp8: eb34c28f22e8b96e1ab97ce403110664 -> 
  custom:audio-decoder-ogg-vorbis: bf7c407c2cedff20999df2af8eb42d56 -> 
  custom:audio-encoder-webm-vorbis: bf7c407c2cedff20999df2af8eb42d56 -> 
========================================================================
Received Prepare
Begin MonoManager ReloadAssembly
- Loaded All Assemblies, in  0.416 seconds
Refreshing native plugins compatible for Editor in 2.70 ms, found 3 plugins.
Native extension for WindowsStandalone target not found
[Package Manager] Server::EnsureServerProcessIsRunning -- launch failed, reason: Unity was launched with the -noUpm command-line argument
[Package Manager] UpmClient::Send -- Unable to send message (not connected to UPM process).
[Package Manager] Cannot connect to Unity Package Manager local server
Mono: successfully reloaded assembly
- Finished resetting the current domain, in  0.751 seconds
Domain Reload Profiling: 1167ms
	BeginReloadAssembly (146ms)
		ExecutionOrderSort (0ms)
		DisableScriptedObjects (5ms)
		BackupInstance (0ms)
		ReleaseScriptingObjects (0ms)
		CreateAndSetChildDomain (29ms)
	RebuildCommonClasses (31ms)
	RebuildNativeTypeToScriptingClass (11ms)
	initialDomainReloadingComplete (23ms)
	LoadAllAssembliesAndSetupDomain (205ms)
		LoadAssemblies (260ms)
		RebuildTransferFunctionScriptingTraits (0ms)
		AnalyzeDomain (26ms)
			TypeCache.Refresh (9ms)
				TypeCache.ScanAssembly (0ms)
			ScanForSourceGeneratedMonoScriptInfo (8ms)
			ResolveRequiredComponents (7ms)
	FinalizeReload (752ms)
		ReleaseScriptCaches (0ms)
		RebuildScriptCaches (0ms)
		SetupLoadedEditorAssemblies (372ms)
			LogAssemblyErrors (0ms)
			InitializePlatformSupportModulesInManaged (5ms)
			SetLoadedEditorAssemblies (3ms)
			RefreshPlugins (0ms)
			BeforeProcessingInitializeOnLoad (50ms)
			ProcessInitializeOnLoadAttributes (290ms)
			ProcessInitializeOnLoadMethodAttributes (22ms)
			AfterProcessingInitializeOnLoad (3ms)
			EditorAssembliesLoaded (0ms)
		ExecutionOrderSort2 (0ms)
		AwakeInstancesAfterBackupRestoration (7ms)
Failed to load shader (instanceID 438, GUID 209f4c3496c1b46a3a2f9f0f27be788f)
Failed to load shader (instanceID 446, GUID 911130a939bf84843bcc4211c327f579)
Failed to load shader (instanceID 416, GUID c84d57d423a2042eb92da86f9fa670a3)
Failed to load shader (instanceID 414, GUID 1ccecd9b89b8a4f14bfb64f29ddfcc81)
Failed to load shader (instanceID 428, GUID 04b5dda5f278e4f56a9dbda64d90bb95)
Failed to load shader (instanceID 424, GUID 4293210a3280c4283b9872316017f1f9)
Failed to load shader (instanceID 440, GUID 8ca8b34aa013842f3b399b6961e7dc3b)
Failed to load shader (instanceID 430, GUID e8c3a1662a88140ae84d69a3a4cfdbaa)
Failed to load shader (instanceID 434, GUID 4300ae919783d4fa38001d745fbdecc1)
Failed to load shader (instanceID 418, GUID cfa7edf01005f4e338d973cea2f6eab3)
Failed to load shader (instanceID 420, GUID 35e778fba8b2b49a198d8d7cfced67eb)
Failed to load shader (instanceID 436, GUID a07688e921e974338945464731e069ce)
Failed to load shader (instanceID 422, GUID 86212504c7e9f468db2300dc5932dc17)
Failed to load shader (instanceID 426, GUID d6e5744ac426949ff8c0f02936689d4c)
Failed to load shader (instanceID 448, GUID 24f9f312f97bd48dba1a728d58c89842)
Failed to load shader (instanceID 450, GUID 6f37d9e45fbae41b386f76d3bfefec4a)
Failed to load shader (instanceID 442, GUID 1fd883d610b2f42a98fc7abaf6809430)
Failed to load shader (instanceID 412, GUID c26db15b9a2ed4b2ebefefd26ce85ae1)
Failed to load shader (instanceID 444, GUID 25b8a80cb03994c769145599929a5e97)
Failed to load shader (instanceID 432, GUID 33cb4e8ff0c1d43ac8ec40692656c7ed)
Refreshing native plugins compatible for Editor in 1.90 ms, found 3 plugins.
Preloading 0 native plugins for Editor in 0.00 ms.
Unloading 3097 Unused Serialized files (Serialized files now loaded: 0)
Unloading 23 unused Assets / (31.0 KB). Loaded Objects now: 3585.
Memory consumption went from 132.5 MB to 132.5 MB.
Total: 3.220600 ms (FindLiveObjects: 0.498100 ms CreateObjectMapping: 0.108200 ms MarkObjects: 2.561500 ms  DeleteObjects: 0.051400 ms)

Prepare: number of updated asset objects reloaded= 0
AssetImportParameters requested are different than current active one (requested -> active):
  custom:container-demuxer-ogg: 62fdf1f143b41e24485cea50d1cbac27 -> 
  custom:video-decoder-ogg-theora: a1e56fd34408186e4bbccfd4996cb3dc -> 
  custom:framework-win-MediaFoundation: 216162199b28c13a410421893ffa2e32 -> 
  custom:CustomObjectIndexerAttribute: 9a22284fe3817be447336de3de66b15e -> 
  custom:container-demuxer-webm: 4f35f7cbe854078d1ac9338744f61a02 -> 
  custom:container-muxer-webm: aa71ff27fc2769a1b78a27578f13a17b -> 
  custom:video-decoder-webm-vp8: 9c59270c3fd7afecdb556c50c9e8de78 -> 
  custom:SearchIndexIgnoredProperties: e643bd26f0fe6173181afceb89e7c659 -> 
  custom:AudioImporter_EditorPlatform: d09bf68614088b80899f8185d706f6e7 -> 
  custom:video-encoder-webm-vp8: eb34c28f22e8b96e1ab97ce403110664 -> 
  custom:audio-decoder-ogg-vorbis: bf7c407c2cedff20999df2af8eb42d56 -> 
  custom:audio-encoder-webm-vorbis: bf7c407c2cedff20999df2af8eb42d56 -> 
========================================================================
Received Prepare
Begin MonoManager ReloadAssembly
- Loaded All Assemblies, in  0.381 seconds
Refreshing native plugins compatible for Editor in 2.59 ms, found 3 plugins.
Native extension for WindowsStandalone target not found
[Package Manager] Server::EnsureServerProcessIsRunning -- launch failed, reason: Unity was launched with the -noUpm command-line argument
[Package Manager] UpmClient::Send -- Unable to send message (not connected to UPM process).
[Package Manager] Cannot connect to Unity Package Manager local server
Mono: successfully reloaded assembly
- Finished resetting the current domain, in  0.813 seconds
Domain Reload Profiling: 1194ms
	BeginReloadAssembly (150ms)
		ExecutionOrderSort (0ms)
		DisableScriptedObjects (5ms)
		BackupInstance (0ms)
		ReleaseScriptingObjects (0ms)
		CreateAndSetChildDomain (34ms)
	RebuildCommonClasses (32ms)
	RebuildNativeTypeToScriptingClass (11ms)
	initialDomainReloadingComplete (24ms)
	LoadAllAssembliesAndSetupDomain (163ms)
		LoadAssemblies (229ms)
		RebuildTransferFunctionScriptingTraits (0ms)
		AnalyzeDomain (15ms)
			TypeCache.Refresh (7ms)
				TypeCache.ScanAssembly (0ms)
			ScanForSourceGeneratedMonoScriptInfo (0ms)
			ResolveRequiredComponents (7ms)
	FinalizeReload (814ms)
		ReleaseScriptCaches (0ms)
		RebuildScriptCaches (0ms)
		SetupLoadedEditorAssemblies (412ms)
			LogAssemblyErrors (0ms)
			InitializePlatformSupportModulesInManaged (5ms)
			SetLoadedEditorAssemblies (3ms)
			RefreshPlugins (0ms)
			BeforeProcessingInitializeOnLoad (54ms)
			ProcessInitializeOnLoadAttributes (323ms)
			ProcessInitializeOnLoadMethodAttributes (25ms)
			AfterProcessingInitializeOnLoad (3ms)
			EditorAssembliesLoaded (0ms)
		ExecutionOrderSort2 (0ms)
		AwakeInstancesAfterBackupRestoration (8ms)
Failed to load shader (instanceID 438, GUID 209f4c3496c1b46a3a2f9f0f27be788f)
Failed to load shader (instanceID 446, GUID 911130a939bf84843bcc4211c327f579)
Failed to load shader (instanceID 416, GUID c84d57d423a2042eb92da86f9fa670a3)
Failed to load shader (instanceID 414, GUID 1ccecd9b89b8a4f14bfb64f29ddfcc81)
Failed to load shader (instanceID 428, GUID 04b5dda5f278e4f56a9dbda64d90bb95)
Failed to load shader (instanceID 424, GUID 4293210a3280c4283b9872316017f1f9)
Failed to load shader (instanceID 440, GUID 8ca8b34aa013842f3b399b6961e7dc3b)
Failed to load shader (instanceID 430, GUID e8c3a1662a88140ae84d69a3a4cfdbaa)
Failed to load shader (instanceID 434, GUID 4300ae919783d4fa38001d745fbdecc1)
Failed to load shader (instanceID 418, GUID cfa7edf01005f4e338d973cea2f6eab3)
Failed to load shader (instanceID 420, GUID 35e778fba8b2b49a198d8d7cfced67eb)
Failed to load shader (instanceID 436, GUID a07688e921e974338945464731e069ce)
Failed to load shader (instanceID 422, GUID 86212504c7e9f468db2300dc5932dc17)
Failed to load shader (instanceID 426, GUID d6e5744ac426949ff8c0f02936689d4c)
Failed to load shader (instanceID 448, GUID 24f9f312f97bd48dba1a728d58c89842)
Failed to load shader (instanceID 450, GUID 6f37d9e45fbae41b386f76d3bfefec4a)
Failed to load shader (instanceID 442, GUID 1fd883d610b2f42a98fc7abaf6809430)
Failed to load shader (instanceID 412, GUID c26db15b9a2ed4b2ebefefd26ce85ae1)
Failed to load shader (instanceID 444, GUID 25b8a80cb03994c769145599929a5e97)
Failed to load shader (instanceID 432, GUID 33cb4e8ff0c1d43ac8ec40692656c7ed)
Refreshing native plugins compatible for Editor in 2.08 ms, found 3 plugins.
Preloading 0 native plugins for Editor in 0.00 ms.
Unloading 3097 Unused Serialized files (Serialized files now loaded: 0)
Unloading 23 unused Assets / (31.1 KB). Loaded Objects now: 3588.
Memory consumption went from 134.4 MB to 134.4 MB.
Total: 3.487800 ms (FindLiveObjects: 0.471200 ms CreateObjectMapping: 0.124000 ms MarkObjects: 2.836400 ms  DeleteObjects: 0.054800 ms)

Prepare: number of updated asset objects reloaded= 0
AssetImportParameters requested are different than current active one (requested -> active):
  custom:container-demuxer-ogg: 62fdf1f143b41e24485cea50d1cbac27 -> 
  custom:video-decoder-ogg-theora: a1e56fd34408186e4bbccfd4996cb3dc -> 
  custom:framework-win-MediaFoundation: 216162199b28c13a410421893ffa2e32 -> 
  custom:CustomObjectIndexerAttribute: 9a22284fe3817be447336de3de66b15e -> 
  custom:container-demuxer-webm: 4f35f7cbe854078d1ac9338744f61a02 -> 
  custom:container-muxer-webm: aa71ff27fc2769a1b78a27578f13a17b -> 
  custom:video-decoder-webm-vp8: 9c59270c3fd7afecdb556c50c9e8de78 -> 
  custom:SearchIndexIgnoredProperties: e643bd26f0fe6173181afceb89e7c659 -> 
  custom:AudioImporter_EditorPlatform: d09bf68614088b80899f8185d706f6e7 -> 
  custom:video-encoder-webm-vp8: eb34c28f22e8b96e1ab97ce403110664 -> 
  custom:audio-decoder-ogg-vorbis: bf7c407c2cedff20999df2af8eb42d56 -> 
  custom:audio-encoder-webm-vorbis: bf7c407c2cedff20999df2af8eb42d56 -> 
========================================================================
Received Prepare
Begin MonoManager ReloadAssembly
- Loaded All Assemblies, in  0.434 seconds
Refreshing native plugins compatible for Editor in 2.44 ms, found 3 plugins.
Native extension for WindowsStandalone target not found
[Package Manager] Server::EnsureServerProcessIsRunning -- launch failed, reason: Unity was launched with the -noUpm command-line argument
[Package Manager] UpmClient::Send -- Unable to send message (not connected to UPM process).
[Package Manager] Cannot connect to Unity Package Manager local server
Mono: successfully reloaded assembly
- Finished resetting the current domain, in  0.788 seconds
Domain Reload Profiling: 1221ms
	BeginReloadAssembly (151ms)
		ExecutionOrderSort (0ms)
		DisableScriptedObjects (6ms)
		BackupInstance (0ms)
		ReleaseScriptingObjects (0ms)
		CreateAndSetChildDomain (33ms)
	RebuildCommonClasses (32ms)
	RebuildNativeTypeToScriptingClass (11ms)
	initialDomainReloadingComplete (25ms)
	LoadAllAssembliesAndSetupDomain (214ms)
		LoadAssemblies (269ms)
		RebuildTransferFunctionScriptingTraits (0ms)
		AnalyzeDomain (27ms)
			TypeCache.Refresh (9ms)
				TypeCache.ScanAssembly (0ms)
			ScanForSourceGeneratedMonoScriptInfo (9ms)
			ResolveRequiredComponents (7ms)
	FinalizeReload (788ms)
		ReleaseScriptCaches (0ms)
		RebuildScriptCaches (0ms)
		SetupLoadedEditorAssemblies (402ms)
			LogAssemblyErrors (0ms)
			InitializePlatformSupportModulesInManaged (5ms)
			SetLoadedEditorAssemblies (3ms)
			RefreshPlugins (0ms)
			BeforeProcessingInitializeOnLoad (53ms)
			ProcessInitializeOnLoadAttributes (317ms)
			ProcessInitializeOnLoadMethodAttributes (22ms)
			AfterProcessingInitializeOnLoad (3ms)
			EditorAssembliesLoaded (0ms)
		ExecutionOrderSort2 (0ms)
		AwakeInstancesAfterBackupRestoration (7ms)
Failed to load shader (instanceID 438, GUID 209f4c3496c1b46a3a2f9f0f27be788f)
Failed to load shader (instanceID 446, GUID 911130a939bf84843bcc4211c327f579)
Failed to load shader (instanceID 416, GUID c84d57d423a2042eb92da86f9fa670a3)
Failed to load shader (instanceID 414, GUID 1ccecd9b89b8a4f14bfb64f29ddfcc81)
Failed to load shader (instanceID 428, GUID 04b5dda5f278e4f56a9dbda64d90bb95)
Failed to load shader (instanceID 424, GUID 4293210a3280c4283b9872316017f1f9)
Failed to load shader (instanceID 440, GUID 8ca8b34aa013842f3b399b6961e7dc3b)
Failed to load shader (instanceID 430, GUID e8c3a1662a88140ae84d69a3a4cfdbaa)
Failed to load shader (instanceID 434, GUID 4300ae919783d4fa38001d745fbdecc1)
Failed to load shader (instanceID 418, GUID cfa7edf01005f4e338d973cea2f6eab3)
Failed to load shader (instanceID 420, GUID 35e778fba8b2b49a198d8d7cfced67eb)
Failed to load shader (instanceID 436, GUID a07688e921e974338945464731e069ce)
Failed to load shader (instanceID 422, GUID 86212504c7e9f468db2300dc5932dc17)
Failed to load shader (instanceID 426, GUID d6e5744ac426949ff8c0f02936689d4c)
Failed to load shader (instanceID 448, GUID 24f9f312f97bd48dba1a728d58c89842)
Failed to load shader (instanceID 450, GUID 6f37d9e45fbae41b386f76d3bfefec4a)
Failed to load shader (instanceID 442, GUID 1fd883d610b2f42a98fc7abaf6809430)
Failed to load shader (instanceID 412, GUID c26db15b9a2ed4b2ebefefd26ce85ae1)
Failed to load shader (instanceID 444, GUID 25b8a80cb03994c769145599929a5e97)
Failed to load shader (instanceID 432, GUID 33cb4e8ff0c1d43ac8ec40692656c7ed)
Refreshing native plugins compatible for Editor in 2.30 ms, found 3 plugins.
Preloading 0 native plugins for Editor in 0.00 ms.
Unloading 3097 Unused Serialized files (Serialized files now loaded: 0)
Unloading 23 unused Assets / (31.0 KB). Loaded Objects now: 3591.
Memory consumption went from 136.4 MB to 136.3 MB.
Total: 2.841500 ms (FindLiveObjects: 0.417600 ms CreateObjectMapping: 0.090800 ms MarkObjects: 2.290900 ms  DeleteObjects: 0.040900 ms)

Prepare: number of updated asset objects reloaded= 0
AssetImportParameters requested are different than current active one (requested -> active):
  custom:container-demuxer-ogg: 62fdf1f143b41e24485cea50d1cbac27 -> 
  custom:video-decoder-ogg-theora: a1e56fd34408186e4bbccfd4996cb3dc -> 
  custom:framework-win-MediaFoundation: 216162199b28c13a410421893ffa2e32 -> 
  custom:CustomObjectIndexerAttribute: 9a22284fe3817be447336de3de66b15e -> 
  custom:container-demuxer-webm: 4f35f7cbe854078d1ac9338744f61a02 -> 
  custom:container-muxer-webm: aa71ff27fc2769a1b78a27578f13a17b -> 
  custom:video-decoder-webm-vp8: 9c59270c3fd7afecdb556c50c9e8de78 -> 
  custom:SearchIndexIgnoredProperties: e643bd26f0fe6173181afceb89e7c659 -> 
  custom:AudioImporter_EditorPlatform: d09bf68614088b80899f8185d706f6e7 -> 
  custom:video-encoder-webm-vp8: eb34c28f22e8b96e1ab97ce403110664 -> 
  custom:audio-decoder-ogg-vorbis: bf7c407c2cedff20999df2af8eb42d56 -> 
  custom:audio-encoder-webm-vorbis: bf7c407c2cedff20999df2af8eb42d56 -> 
========================================================================
Received Prepare
Begin MonoManager ReloadAssembly
- Loaded All Assemblies, in  0.379 seconds
Refreshing native plugins compatible for Editor in 1.90 ms, found 3 plugins.
Native extension for WindowsStandalone target not found
[Package Manager] Server::EnsureServerProcessIsRunning -- launch failed, reason: Unity was launched with the -noUpm command-line argument
[Package Manager] UpmClient::Send -- Unable to send message (not connected to UPM process).
[Package Manager] Cannot connect to Unity Package Manager local server
Mono: successfully reloaded assembly
- Finished resetting the current domain, in  0.803 seconds
Domain Reload Profiling: 1182ms
	BeginReloadAssembly (135ms)
		ExecutionOrderSort (0ms)
		DisableScriptedObjects (5ms)
		BackupInstance (0ms)
		ReleaseScriptingObjects (0ms)
		CreateAndSetChildDomain (29ms)
	RebuildCommonClasses (33ms)
	RebuildNativeTypeToScriptingClass (12ms)
	initialDomainReloadingComplete (24ms)
	LoadAllAssembliesAndSetupDomain (175ms)
		LoadAssemblies (232ms)
		RebuildTransferFunctionScriptingTraits (0ms)
		AnalyzeDomain (14ms)
			TypeCache.Refresh (6ms)
				TypeCache.ScanAssembly (0ms)
			ScanForSourceGeneratedMonoScriptInfo (0ms)
			ResolveRequiredComponents (6ms)
	FinalizeReload (804ms)
		ReleaseScriptCaches (0ms)
		RebuildScriptCaches (0ms)
		SetupLoadedEditorAssemblies (402ms)
			LogAssemblyErrors (0ms)
			InitializePlatformSupportModulesInManaged (5ms)
			SetLoadedEditorAssemblies (3ms)
			RefreshPlugins (0ms)
			BeforeProcessingInitializeOnLoad (55ms)
			ProcessInitializeOnLoadAttributes (313ms)
			ProcessInitializeOnLoadMethodAttributes (23ms)
			AfterProcessingInitializeOnLoad (3ms)
			EditorAssembliesLoaded (0ms)
		ExecutionOrderSort2 (0ms)
		AwakeInstancesAfterBackupRestoration (8ms)
Failed to load shader (instanceID 438, GUID 209f4c3496c1b46a3a2f9f0f27be788f)
Failed to load shader (instanceID 446, GUID 911130a939bf84843bcc4211c327f579)
Failed to load shader (instanceID 416, GUID c84d57d423a2042eb92da86f9fa670a3)
Failed to load shader (instanceID 414, GUID 1ccecd9b89b8a4f14bfb64f29ddfcc81)
Failed to load shader (instanceID 428, GUID 04b5dda5f278e4f56a9dbda64d90bb95)
Failed to load shader (instanceID 424, GUID 4293210a3280c4283b9872316017f1f9)
Failed to load shader (instanceID 440, GUID 8ca8b34aa013842f3b399b6961e7dc3b)
Failed to load shader (instanceID 430, GUID e8c3a1662a88140ae84d69a3a4cfdbaa)
Failed to load shader (instanceID 434, GUID 4300ae919783d4fa38001d745fbdecc1)
Failed to load shader (instanceID 418, GUID cfa7edf01005f4e338d973cea2f6eab3)
Failed to load shader (instanceID 420, GUID 35e778fba8b2b49a198d8d7cfced67eb)
Failed to load shader (instanceID 436, GUID a07688e921e974338945464731e069ce)
Failed to load shader (instanceID 422, GUID 86212504c7e9f468db2300dc5932dc17)
Failed to load shader (instanceID 426, GUID d6e5744ac426949ff8c0f02936689d4c)
Failed to load shader (instanceID 448, GUID 24f9f312f97bd48dba1a728d58c89842)
Failed to load shader (instanceID 450, GUID 6f37d9e45fbae41b386f76d3bfefec4a)
Failed to load shader (instanceID 442, GUID 1fd883d610b2f42a98fc7abaf6809430)
Failed to load shader (instanceID 412, GUID c26db15b9a2ed4b2ebefefd26ce85ae1)
Failed to load shader (instanceID 444, GUID 25b8a80cb03994c769145599929a5e97)
Failed to load shader (instanceID 432, GUID 33cb4e8ff0c1d43ac8ec40692656c7ed)
Refreshing native plugins compatible for Editor in 2.09 ms, found 3 plugins.
Preloading 0 native plugins for Editor in 0.00 ms.
Unloading 3097 Unused Serialized files (Serialized files now loaded: 0)
Unloading 23 unused Assets / (31.1 KB). Loaded Objects now: 3594.
Memory consumption went from 138.3 MB to 138.3 MB.
Total: 3.277000 ms (FindLiveObjects: 0.473200 ms CreateObjectMapping: 0.130700 ms MarkObjects: 2.615700 ms  DeleteObjects: 0.056000 ms)

Prepare: number of updated asset objects reloaded= 0
AssetImportParameters requested are different than current active one (requested -> active):
  custom:container-demuxer-ogg: 62fdf1f143b41e24485cea50d1cbac27 -> 
  custom:video-decoder-ogg-theora: a1e56fd34408186e4bbccfd4996cb3dc -> 
  custom:framework-win-MediaFoundation: 216162199b28c13a410421893ffa2e32 -> 
  custom:CustomObjectIndexerAttribute: 9a22284fe3817be447336de3de66b15e -> 
  custom:container-demuxer-webm: 4f35f7cbe854078d1ac9338744f61a02 -> 
  custom:container-muxer-webm: aa71ff27fc2769a1b78a27578f13a17b -> 
  custom:video-decoder-webm-vp8: 9c59270c3fd7afecdb556c50c9e8de78 -> 
  custom:SearchIndexIgnoredProperties: e643bd26f0fe6173181afceb89e7c659 -> 
  custom:AudioImporter_EditorPlatform: d09bf68614088b80899f8185d706f6e7 -> 
  custom:video-encoder-webm-vp8: eb34c28f22e8b96e1ab97ce403110664 -> 
  custom:audio-decoder-ogg-vorbis: bf7c407c2cedff20999df2af8eb42d56 -> 
  custom:audio-encoder-webm-vorbis: bf7c407c2cedff20999df2af8eb42d56 -> 
========================================================================
Received Prepare
Begin MonoManager ReloadAssembly
- Loaded All Assemblies, in  0.400 seconds
Refreshing native plugins compatible for Editor in 2.16 ms, found 3 plugins.
Native extension for WindowsStandalone target not found
[Package Manager] Server::EnsureServerProcessIsRunning -- launch failed, reason: Unity was launched with the -noUpm command-line argument
[Package Manager] UpmClient::Send -- Unable to send message (not connected to UPM process).
[Package Manager] Cannot connect to Unity Package Manager local server
Mono: successfully reloaded assembly
- Finished resetting the current domain, in  0.819 seconds
Domain Reload Profiling: 1219ms
	BeginReloadAssembly (145ms)
		ExecutionOrderSort (0ms)
		DisableScriptedObjects (5ms)
		BackupInstance (0ms)
		ReleaseScriptingObjects (0ms)
		CreateAndSetChildDomain (31ms)
	RebuildCommonClasses (30ms)
	RebuildNativeTypeToScriptingClass (11ms)
	initialDomainReloadingComplete (25ms)
	LoadAllAssembliesAndSetupDomain (188ms)
		LoadAssemblies (250ms)
		RebuildTransferFunctionScriptingTraits (0ms)
		AnalyzeDomain (15ms)
			TypeCache.Refresh (6ms)
				TypeCache.ScanAssembly (0ms)
			ScanForSourceGeneratedMonoScriptInfo (0ms)
			ResolveRequiredComponents (6ms)
	FinalizeReload (820ms)
		ReleaseScriptCaches (0ms)
		RebuildScriptCaches (0ms)
		SetupLoadedEditorAssemblies (410ms)
			LogAssemblyErrors (0ms)
			InitializePlatformSupportModulesInManaged (5ms)
			SetLoadedEditorAssemblies (3ms)
			RefreshPlugins (0ms)
			BeforeProcessingInitializeOnLoad (56ms)
			ProcessInitializeOnLoadAttributes (321ms)
			ProcessInitializeOnLoadMethodAttributes (22ms)
			AfterProcessingInitializeOnLoad (3ms)
			EditorAssembliesLoaded (0ms)
		ExecutionOrderSort2 (0ms)
		AwakeInstancesAfterBackupRestoration (9ms)
Failed to load shader (instanceID 438, GUID 209f4c3496c1b46a3a2f9f0f27be788f)
Failed to load shader (instanceID 446, GUID 911130a939bf84843bcc4211c327f579)
Failed to load shader (instanceID 416, GUID c84d57d423a2042eb92da86f9fa670a3)
Failed to load shader (instanceID 414, GUID 1ccecd9b89b8a4f14bfb64f29ddfcc81)
Failed to load shader (instanceID 428, GUID 04b5dda5f278e4f56a9dbda64d90bb95)
Failed to load shader (instanceID 424, GUID 4293210a3280c4283b9872316017f1f9)
Failed to load shader (instanceID 440, GUID 8ca8b34aa013842f3b399b6961e7dc3b)
Failed to load shader (instanceID 430, GUID e8c3a1662a88140ae84d69a3a4cfdbaa)
Failed to load shader (instanceID 434, GUID 4300ae919783d4fa38001d745fbdecc1)
Failed to load shader (instanceID 418, GUID cfa7edf01005f4e338d973cea2f6eab3)
Failed to load shader (instanceID 420, GUID 35e778fba8b2b49a198d8d7cfced67eb)
Failed to load shader (instanceID 436, GUID a07688e921e974338945464731e069ce)
Failed to load shader (instanceID 422, GUID 86212504c7e9f468db2300dc5932dc17)
Failed to load shader (instanceID 426, GUID d6e5744ac426949ff8c0f02936689d4c)
Failed to load shader (instanceID 448, GUID 24f9f312f97bd48dba1a728d58c89842)
Failed to load shader (instanceID 450, GUID 6f37d9e45fbae41b386f76d3bfefec4a)
Failed to load shader (instanceID 442, GUID 1fd883d610b2f42a98fc7abaf6809430)
Failed to load shader (instanceID 412, GUID c26db15b9a2ed4b2ebefefd26ce85ae1)
Failed to load shader (instanceID 444, GUID 25b8a80cb03994c769145599929a5e97)
Failed to load shader (instanceID 432, GUID 33cb4e8ff0c1d43ac8ec40692656c7ed)
Refreshing native plugins compatible for Editor in 2.52 ms, found 3 plugins.
Preloading 0 native plugins for Editor in 0.00 ms.
Unloading 3097 Unused Serialized files (Serialized files now loaded: 0)
Unloading 23 unused Assets / (31.1 KB). Loaded Objects now: 3597.
Memory consumption went from 140.2 MB to 140.2 MB.
Total: 3.405600 ms (FindLiveObjects: 0.492200 ms CreateObjectMapping: 0.110000 ms MarkObjects: 2.741100 ms  DeleteObjects: 0.061000 ms)

Prepare: number of updated asset objects reloaded= 0
AssetImportParameters requested are different than current active one (requested -> active):
  custom:container-demuxer-ogg: 62fdf1f143b41e24485cea50d1cbac27 -> 
  custom:video-decoder-ogg-theora: a1e56fd34408186e4bbccfd4996cb3dc -> 
  custom:framework-win-MediaFoundation: 216162199b28c13a410421893ffa2e32 -> 
  custom:CustomObjectIndexerAttribute: 9a22284fe3817be447336de3de66b15e -> 
  custom:container-demuxer-webm: 4f35f7cbe854078d1ac9338744f61a02 -> 
  custom:container-muxer-webm: aa71ff27fc2769a1b78a27578f13a17b -> 
  custom:video-decoder-webm-vp8: 9c59270c3fd7afecdb556c50c9e8de78 -> 
  custom:SearchIndexIgnoredProperties: e643bd26f0fe6173181afceb89e7c659 -> 
  custom:AudioImporter_EditorPlatform: d09bf68614088b80899f8185d706f6e7 -> 
  custom:video-encoder-webm-vp8: eb34c28f22e8b96e1ab97ce403110664 -> 
  custom:audio-decoder-ogg-vorbis: bf7c407c2cedff20999df2af8eb42d56 -> 
  custom:audio-encoder-webm-vorbis: bf7c407c2cedff20999df2af8eb42d56 -> 
========================================================================
Received Prepare
Begin MonoManager ReloadAssembly
- Loaded All Assemblies, in  0.408 seconds
Refreshing native plugins compatible for Editor in 2.04 ms, found 3 plugins.
Native extension for WindowsStandalone target not found
[Package Manager] Server::EnsureServerProcessIsRunning -- launch failed, reason: Unity was launched with the -noUpm command-line argument
[Package Manager] UpmClient::Send -- Unable to send message (not connected to UPM process).
[Package Manager] Cannot connect to Unity Package Manager local server
Mono: successfully reloaded assembly
- Finished resetting the current domain, in  0.826 seconds
Domain Reload Profiling: 1233ms
	BeginReloadAssembly (144ms)
		ExecutionOrderSort (0ms)
		DisableScriptedObjects (5ms)
		BackupInstance (0ms)
		ReleaseScriptingObjects (0ms)
		CreateAndSetChildDomain (29ms)
	RebuildCommonClasses (31ms)
	RebuildNativeTypeToScriptingClass (11ms)
	initialDomainReloadingComplete (24ms)
	LoadAllAssembliesAndSetupDomain (198ms)
		LoadAssemblies (263ms)
		RebuildTransferFunctionScriptingTraits (0ms)
		AnalyzeDomain (14ms)
			TypeCache.Refresh (6ms)
				TypeCache.ScanAssembly (0ms)
			ScanForSourceGeneratedMonoScriptInfo (0ms)
			ResolveRequiredComponents (6ms)
	FinalizeReload (826ms)
		ReleaseScriptCaches (0ms)
		RebuildScriptCaches (0ms)
		SetupLoadedEditorAssemblies (414ms)
			LogAssemblyErrors (0ms)
			InitializePlatformSupportModulesInManaged (5ms)
			SetLoadedEditorAssemblies (4ms)
			RefreshPlugins (0ms)
			BeforeProcessingInitializeOnLoad (61ms)
			ProcessInitializeOnLoadAttributes (318ms)
			ProcessInitializeOnLoadMethodAttributes (23ms)
			AfterProcessingInitializeOnLoad (3ms)
			EditorAssembliesLoaded (0ms)
		ExecutionOrderSort2 (0ms)
		AwakeInstancesAfterBackupRestoration (8ms)
Failed to load shader (instanceID 438, GUID 209f4c3496c1b46a3a2f9f0f27be788f)
Failed to load shader (instanceID 446, GUID 911130a939bf84843bcc4211c327f579)
Failed to load shader (instanceID 416, GUID c84d57d423a2042eb92da86f9fa670a3)
Failed to load shader (instanceID 414, GUID 1ccecd9b89b8a4f14bfb64f29ddfcc81)
Failed to load shader (instanceID 428, GUID 04b5dda5f278e4f56a9dbda64d90bb95)
Failed to load shader (instanceID 424, GUID 4293210a3280c4283b9872316017f1f9)
Failed to load shader (instanceID 440, GUID 8ca8b34aa013842f3b399b6961e7dc3b)
Failed to load shader (instanceID 430, GUID e8c3a1662a88140ae84d69a3a4cfdbaa)
Failed to load shader (instanceID 434, GUID 4300ae919783d4fa38001d745fbdecc1)
Failed to load shader (instanceID 418, GUID cfa7edf01005f4e338d973cea2f6eab3)
Failed to load shader (instanceID 420, GUID 35e778fba8b2b49a198d8d7cfced67eb)
Failed to load shader (instanceID 436, GUID a07688e921e974338945464731e069ce)
Failed to load shader (instanceID 422, GUID 86212504c7e9f468db2300dc5932dc17)
Failed to load shader (instanceID 426, GUID d6e5744ac426949ff8c0f02936689d4c)
Failed to load shader (instanceID 448, GUID 24f9f312f97bd48dba1a728d58c89842)
Failed to load shader (instanceID 450, GUID 6f37d9e45fbae41b386f76d3bfefec4a)
Failed to load shader (instanceID 442, GUID 1fd883d610b2f42a98fc7abaf6809430)
Failed to load shader (instanceID 412, GUID c26db15b9a2ed4b2ebefefd26ce85ae1)
Failed to load shader (instanceID 444, GUID 25b8a80cb03994c769145599929a5e97)
Failed to load shader (instanceID 432, GUID 33cb4e8ff0c1d43ac8ec40692656c7ed)
Refreshing native plugins compatible for Editor in 2.05 ms, found 3 plugins.
Preloading 0 native plugins for Editor in 0.00 ms.
Unloading 3097 Unused Serialized files (Serialized files now loaded: 0)
Unloading 23 unused Assets / (31.1 KB). Loaded Objects now: 3600.
Memory consumption went from 142.1 MB to 142.1 MB.
Total: 3.131900 ms (FindLiveObjects: 0.437500 ms CreateObjectMapping: 0.103800 ms MarkObjects: 2.535700 ms  DeleteObjects: 0.053500 ms)

Prepare: number of updated asset objects reloaded= 0
AssetImportParameters requested are different than current active one (requested -> active):
  custom:container-demuxer-ogg: 62fdf1f143b41e24485cea50d1cbac27 -> 
  custom:video-decoder-ogg-theora: a1e56fd34408186e4bbccfd4996cb3dc -> 
  custom:framework-win-MediaFoundation: 216162199b28c13a410421893ffa2e32 -> 
  custom:CustomObjectIndexerAttribute: 9a22284fe3817be447336de3de66b15e -> 
  custom:container-demuxer-webm: 4f35f7cbe854078d1ac9338744f61a02 -> 
  custom:container-muxer-webm: aa71ff27fc2769a1b78a27578f13a17b -> 
  custom:video-decoder-webm-vp8: 9c59270c3fd7afecdb556c50c9e8de78 -> 
  custom:SearchIndexIgnoredProperties: e643bd26f0fe6173181afceb89e7c659 -> 
  custom:AudioImporter_EditorPlatform: d09bf68614088b80899f8185d706f6e7 -> 
  custom:video-encoder-webm-vp8: eb34c28f22e8b96e1ab97ce403110664 -> 
  custom:audio-decoder-ogg-vorbis: bf7c407c2cedff20999df2af8eb42d56 -> 
  custom:audio-encoder-webm-vorbis: bf7c407c2cedff20999df2af8eb42d56 -> 
========================================================================
Received Prepare
Begin MonoManager ReloadAssembly
- Loaded All Assemblies, in  0.440 seconds
Refreshing native plugins compatible for Editor in 2.22 ms, found 3 plugins.
Native extension for WindowsStandalone target not found
[Package Manager] Server::EnsureServerProcessIsRunning -- launch failed, reason: Unity was launched with the -noUpm command-line argument
[Package Manager] UpmClient::Send -- Unable to send message (not connected to UPM process).
[Package Manager] Cannot connect to Unity Package Manager local server
Mono: successfully reloaded assembly
- Finished resetting the current domain, in  0.792 seconds
Domain Reload Profiling: 1232ms
	BeginReloadAssembly (151ms)
		ExecutionOrderSort (0ms)
		DisableScriptedObjects (6ms)
		BackupInstance (0ms)
		ReleaseScriptingObjects (0ms)
		CreateAndSetChildDomain (35ms)
	RebuildCommonClasses (32ms)
	RebuildNativeTypeToScriptingClass (12ms)
	initialDomainReloadingComplete (26ms)
	LoadAllAssembliesAndSetupDomain (219ms)
		LoadAssemblies (273ms)
		RebuildTransferFunctionScriptingTraits (0ms)
		AnalyzeDomain (25ms)
			TypeCache.Refresh (9ms)
				TypeCache.ScanAssembly (0ms)
			ScanForSourceGeneratedMonoScriptInfo (8ms)
			ResolveRequiredComponents (6ms)
	FinalizeReload (793ms)
		ReleaseScriptCaches (0ms)
		RebuildScriptCaches (0ms)
		SetupLoadedEditorAssemblies (395ms)
			LogAssemblyErrors (0ms)
			InitializePlatformSupportModulesInManaged (4ms)
			SetLoadedEditorAssemblies (4ms)
			RefreshPlugins (0ms)
			BeforeProcessingInitializeOnLoad (56ms)
			ProcessInitializeOnLoadAttributes (305ms)
			ProcessInitializeOnLoadMethodAttributes (22ms)
			AfterProcessingInitializeOnLoad (2ms)
			EditorAssembliesLoaded (0ms)
		ExecutionOrderSort2 (0ms)
		AwakeInstancesAfterBackupRestoration (7ms)
Failed to load shader (instanceID 438, GUID 209f4c3496c1b46a3a2f9f0f27be788f)
Failed to load shader (instanceID 446, GUID 911130a939bf84843bcc4211c327f579)
Failed to load shader (instanceID 416, GUID c84d57d423a2042eb92da86f9fa670a3)
Failed to load shader (instanceID 414, GUID 1ccecd9b89b8a4f14bfb64f29ddfcc81)
Failed to load shader (instanceID 428, GUID 04b5dda5f278e4f56a9dbda64d90bb95)
Failed to load shader (instanceID 424, GUID 4293210a3280c4283b9872316017f1f9)
Failed to load shader (instanceID 440, GUID 8ca8b34aa013842f3b399b6961e7dc3b)
Failed to load shader (instanceID 430, GUID e8c3a1662a88140ae84d69a3a4cfdbaa)
Failed to load shader (instanceID 434, GUID 4300ae919783d4fa38001d745fbdecc1)
Failed to load shader (instanceID 418, GUID cfa7edf01005f4e338d973cea2f6eab3)
Failed to load shader (instanceID 420, GUID 35e778fba8b2b49a198d8d7cfced67eb)
Failed to load shader (instanceID 436, GUID a07688e921e974338945464731e069ce)
Failed to load shader (instanceID 422, GUID 86212504c7e9f468db2300dc5932dc17)
Failed to load shader (instanceID 426, GUID d6e5744ac426949ff8c0f02936689d4c)
Failed to load shader (instanceID 448, GUID 24f9f312f97bd48dba1a728d58c89842)
Failed to load shader (instanceID 450, GUID 6f37d9e45fbae41b386f76d3bfefec4a)
Failed to load shader (instanceID 442, GUID 1fd883d610b2f42a98fc7abaf6809430)
Failed to load shader (instanceID 412, GUID c26db15b9a2ed4b2ebefefd26ce85ae1)
Failed to load shader (instanceID 444, GUID 25b8a80cb03994c769145599929a5e97)
Failed to load shader (instanceID 432, GUID 33cb4e8ff0c1d43ac8ec40692656c7ed)
Refreshing native plugins compatible for Editor in 2.28 ms, found 3 plugins.
Preloading 0 native plugins for Editor in 0.00 ms.
Unloading 3097 Unused Serialized files (Serialized files now loaded: 0)
Unloading 23 unused Assets / (31.1 KB). Loaded Objects now: 3603.
Memory consumption went from 144.1 MB to 144.0 MB.
Total: 3.130200 ms (FindLiveObjects: 0.458600 ms CreateObjectMapping: 0.118000 ms MarkObjects: 2.505600 ms  DeleteObjects: 0.047200 ms)

Prepare: number of updated asset objects reloaded= 0
AssetImportParameters requested are different than current active one (requested -> active):
  custom:container-demuxer-ogg: 62fdf1f143b41e24485cea50d1cbac27 -> 
  custom:video-decoder-ogg-theora: a1e56fd34408186e4bbccfd4996cb3dc -> 
  custom:framework-win-MediaFoundation: 216162199b28c13a410421893ffa2e32 -> 
  custom:CustomObjectIndexerAttribute: 9a22284fe3817be447336de3de66b15e -> 
  custom:container-demuxer-webm: 4f35f7cbe854078d1ac9338744f61a02 -> 
  custom:container-muxer-webm: aa71ff27fc2769a1b78a27578f13a17b -> 
  custom:video-decoder-webm-vp8: 9c59270c3fd7afecdb556c50c9e8de78 -> 
  custom:SearchIndexIgnoredProperties: e643bd26f0fe6173181afceb89e7c659 -> 
  custom:AudioImporter_EditorPlatform: d09bf68614088b80899f8185d706f6e7 -> 
  custom:video-encoder-webm-vp8: eb34c28f22e8b96e1ab97ce403110664 -> 
  custom:audio-decoder-ogg-vorbis: bf7c407c2cedff20999df2af8eb42d56 -> 
  custom:audio-encoder-webm-vorbis: bf7c407c2cedff20999df2af8eb42d56 -> 
========================================================================
Received Prepare
Begin MonoManager ReloadAssembly
- Loaded All Assemblies, in  0.389 seconds
Refreshing native plugins compatible for Editor in 2.23 ms, found 3 plugins.
Native extension for WindowsStandalone target not found
[Package Manager] Server::EnsureServerProcessIsRunning -- launch failed, reason: Unity was launched with the -noUpm command-line argument
[Package Manager] UpmClient::Send -- Unable to send message (not connected to UPM process).
[Package Manager] Cannot connect to Unity Package Manager local server
Mono: successfully reloaded assembly
- Finished resetting the current domain, in  0.803 seconds
Domain Reload Profiling: 1192ms
	BeginReloadAssembly (142ms)
		ExecutionOrderSort (0ms)
		DisableScriptedObjects (5ms)
		BackupInstance (0ms)
		ReleaseScriptingObjects (0ms)
		CreateAndSetChildDomain (32ms)
	RebuildCommonClasses (30ms)
	RebuildNativeTypeToScriptingClass (11ms)
	initialDomainReloadingComplete (23ms)
	LoadAllAssembliesAndSetupDomain (184ms)
		LoadAssemblies (242ms)
		RebuildTransferFunctionScriptingTraits (0ms)
		AnalyzeDomain (15ms)
			TypeCache.Refresh (7ms)
				TypeCache.ScanAssembly (0ms)
			ScanForSourceGeneratedMonoScriptInfo (0ms)
			ResolveRequiredComponents (6ms)
	FinalizeReload (803ms)
		ReleaseScriptCaches (0ms)
		RebuildScriptCaches (0ms)
		SetupLoadedEditorAssemblies (408ms)
			LogAssemblyErrors (0ms)
			InitializePlatformSupportModulesInManaged (5ms)
			SetLoadedEditorAssemblies (3ms)
			RefreshPlugins (0ms)
			BeforeProcessingInitializeOnLoad (54ms)
			ProcessInitializeOnLoadAttributes (321ms)
			ProcessInitializeOnLoadMethodAttributes (23ms)
			AfterProcessingInitializeOnLoad (3ms)
			EditorAssembliesLoaded (0ms)
		ExecutionOrderSort2 (0ms)
		AwakeInstancesAfterBackupRestoration (7ms)
Failed to load shader (instanceID 438, GUID 209f4c3496c1b46a3a2f9f0f27be788f)
Failed to load shader (instanceID 446, GUID 911130a939bf84843bcc4211c327f579)
Failed to load shader (instanceID 416, GUID c84d57d423a2042eb92da86f9fa670a3)
Failed to load shader (instanceID 414, GUID 1ccecd9b89b8a4f14bfb64f29ddfcc81)
Failed to load shader (instanceID 428, GUID 04b5dda5f278e4f56a9dbda64d90bb95)
Failed to load shader (instanceID 424, GUID 4293210a3280c4283b9872316017f1f9)
Failed to load shader (instanceID 440, GUID 8ca8b34aa013842f3b399b6961e7dc3b)
Failed to load shader (instanceID 430, GUID e8c3a1662a88140ae84d69a3a4cfdbaa)
Failed to load shader (instanceID 434, GUID 4300ae919783d4fa38001d745fbdecc1)
Failed to load shader (instanceID 418, GUID cfa7edf01005f4e338d973cea2f6eab3)
Failed to load shader (instanceID 420, GUID 35e778fba8b2b49a198d8d7cfced67eb)
Failed to load shader (instanceID 436, GUID a07688e921e974338945464731e069ce)
Failed to load shader (instanceID 422, GUID 86212504c7e9f468db2300dc5932dc17)
Failed to load shader (instanceID 426, GUID d6e5744ac426949ff8c0f02936689d4c)
Failed to load shader (instanceID 448, GUID 24f9f312f97bd48dba1a728d58c89842)
Failed to load shader (instanceID 450, GUID 6f37d9e45fbae41b386f76d3bfefec4a)
Failed to load shader (instanceID 442, GUID 1fd883d610b2f42a98fc7abaf6809430)
Failed to load shader (instanceID 412, GUID c26db15b9a2ed4b2ebefefd26ce85ae1)
Failed to load shader (instanceID 444, GUID 25b8a80cb03994c769145599929a5e97)
Failed to load shader (instanceID 432, GUID 33cb4e8ff0c1d43ac8ec40692656c7ed)
Refreshing native plugins compatible for Editor in 2.49 ms, found 3 plugins.
Preloading 0 native plugins for Editor in 0.00 ms.
Unloading 3097 Unused Serialized files (Serialized files now loaded: 0)
Unloading 23 unused Assets / (31.1 KB). Loaded Objects now: 3606.
Memory consumption went from 146.0 MB to 146.0 MB.
Total: 4.037200 ms (FindLiveObjects: 0.491000 ms CreateObjectMapping: 0.121200 ms MarkObjects: 3.337700 ms  DeleteObjects: 0.085300 ms)

Prepare: number of updated asset objects reloaded= 0
AssetImportParameters requested are different than current active one (requested -> active):
  custom:container-demuxer-ogg: 62fdf1f143b41e24485cea50d1cbac27 -> 
  custom:video-decoder-ogg-theora: a1e56fd34408186e4bbccfd4996cb3dc -> 
  custom:framework-win-MediaFoundation: 216162199b28c13a410421893ffa2e32 -> 
  custom:CustomObjectIndexerAttribute: 9a22284fe3817be447336de3de66b15e -> 
  custom:container-demuxer-webm: 4f35f7cbe854078d1ac9338744f61a02 -> 
  custom:container-muxer-webm: aa71ff27fc2769a1b78a27578f13a17b -> 
  custom:video-decoder-webm-vp8: 9c59270c3fd7afecdb556c50c9e8de78 -> 
  custom:SearchIndexIgnoredProperties: e643bd26f0fe6173181afceb89e7c659 -> 
  custom:AudioImporter_EditorPlatform: d09bf68614088b80899f8185d706f6e7 -> 
  custom:video-encoder-webm-vp8: eb34c28f22e8b96e1ab97ce403110664 -> 
  custom:audio-decoder-ogg-vorbis: bf7c407c2cedff20999df2af8eb42d56 -> 
  custom:audio-encoder-webm-vorbis: bf7c407c2cedff20999df2af8eb42d56 -> 
========================================================================
Received Prepare
Begin MonoManager ReloadAssembly
- Loaded All Assemblies, in  0.394 seconds
Refreshing native plugins compatible for Editor in 2.51 ms, found 3 plugins.
Native extension for WindowsStandalone target not found
[Package Manager] Server::EnsureServerProcessIsRunning -- launch failed, reason: Unity was launched with the -noUpm command-line argument
[Package Manager] UpmClient::Send -- Unable to send message (not connected to UPM process).
[Package Manager] Cannot connect to Unity Package Manager local server
Mono: successfully reloaded assembly
- Finished resetting the current domain, in  0.777 seconds
Domain Reload Profiling: 1171ms
	BeginReloadAssembly (133ms)
		ExecutionOrderSort (0ms)
		DisableScriptedObjects (5ms)
		BackupInstance (0ms)
		ReleaseScriptingObjects (0ms)
		CreateAndSetChildDomain (30ms)
	RebuildCommonClasses (31ms)
	RebuildNativeTypeToScriptingClass (11ms)
	initialDomainReloadingComplete (24ms)
	LoadAllAssembliesAndSetupDomain (194ms)
		LoadAssemblies (233ms)
		RebuildTransferFunctionScriptingTraits (0ms)
		AnalyzeDomain (28ms)
			TypeCache.Refresh (10ms)
				TypeCache.ScanAssembly (0ms)
			ScanForSourceGeneratedMonoScriptInfo (10ms)
			ResolveRequiredComponents (7ms)
	FinalizeReload (778ms)
		ReleaseScriptCaches (0ms)
		RebuildScriptCaches (0ms)
		SetupLoadedEditorAssemblies (387ms)
			LogAssemblyErrors (0ms)
			InitializePlatformSupportModulesInManaged (5ms)
			SetLoadedEditorAssemblies (3ms)
			RefreshPlugins (0ms)
			BeforeProcessingInitializeOnLoad (49ms)
			ProcessInitializeOnLoadAttributes (307ms)
			ProcessInitializeOnLoadMethodAttributes (21ms)
			AfterProcessingInitializeOnLoad (3ms)
			EditorAssembliesLoaded (0ms)
		ExecutionOrderSort2 (0ms)
		AwakeInstancesAfterBackupRestoration (7ms)
Failed to load shader (instanceID 438, GUID 209f4c3496c1b46a3a2f9f0f27be788f)
Failed to load shader (instanceID 446, GUID 911130a939bf84843bcc4211c327f579)
Failed to load shader (instanceID 416, GUID c84d57d423a2042eb92da86f9fa670a3)
Failed to load shader (instanceID 414, GUID 1ccecd9b89b8a4f14bfb64f29ddfcc81)
Failed to load shader (instanceID 428, GUID 04b5dda5f278e4f56a9dbda64d90bb95)
Failed to load shader (instanceID 424, GUID 4293210a3280c4283b9872316017f1f9)
Failed to load shader (instanceID 440, GUID 8ca8b34aa013842f3b399b6961e7dc3b)
Failed to load shader (instanceID 430, GUID e8c3a1662a88140ae84d69a3a4cfdbaa)
Failed to load shader (instanceID 434, GUID 4300ae919783d4fa38001d745fbdecc1)
Failed to load shader (instanceID 418, GUID cfa7edf01005f4e338d973cea2f6eab3)
Failed to load shader (instanceID 420, GUID 35e778fba8b2b49a198d8d7cfced67eb)
Failed to load shader (instanceID 436, GUID a07688e921e974338945464731e069ce)
Failed to load shader (instanceID 422, GUID 86212504c7e9f468db2300dc5932dc17)
Failed to load shader (instanceID 426, GUID d6e5744ac426949ff8c0f02936689d4c)
Failed to load shader (instanceID 448, GUID 24f9f312f97bd48dba1a728d58c89842)
Failed to load shader (instanceID 450, GUID 6f37d9e45fbae41b386f76d3bfefec4a)
Failed to load shader (instanceID 442, GUID 1fd883d610b2f42a98fc7abaf6809430)
Failed to load shader (instanceID 412, GUID c26db15b9a2ed4b2ebefefd26ce85ae1)
Failed to load shader (instanceID 444, GUID 25b8a80cb03994c769145599929a5e97)
Failed to load shader (instanceID 432, GUID 33cb4e8ff0c1d43ac8ec40692656c7ed)
Refreshing native plugins compatible for Editor in 2.34 ms, found 3 plugins.
Preloading 0 native plugins for Editor in 0.00 ms.
Unloading 3097 Unused Serialized files (Serialized files now loaded: 0)
Unloading 23 unused Assets / (31.1 KB). Loaded Objects now: 3609.
Memory consumption went from 147.9 MB to 147.9 MB.
Total: 3.306400 ms (FindLiveObjects: 0.494800 ms CreateObjectMapping: 0.107900 ms MarkObjects: 2.645600 ms  DeleteObjects: 0.056700 ms)

Prepare: number of updated asset objects reloaded= 0
AssetImportParameters requested are different than current active one (requested -> active):
  custom:container-demuxer-ogg: 62fdf1f143b41e24485cea50d1cbac27 -> 
  custom:video-decoder-ogg-theora: a1e56fd34408186e4bbccfd4996cb3dc -> 
  custom:framework-win-MediaFoundation: 216162199b28c13a410421893ffa2e32 -> 
  custom:CustomObjectIndexerAttribute: 9a22284fe3817be447336de3de66b15e -> 
  custom:container-demuxer-webm: 4f35f7cbe854078d1ac9338744f61a02 -> 
  custom:container-muxer-webm: aa71ff27fc2769a1b78a27578f13a17b -> 
  custom:video-decoder-webm-vp8: 9c59270c3fd7afecdb556c50c9e8de78 -> 
  custom:SearchIndexIgnoredProperties: e643bd26f0fe6173181afceb89e7c659 -> 
  custom:AudioImporter_EditorPlatform: d09bf68614088b80899f8185d706f6e7 -> 
  custom:video-encoder-webm-vp8: eb34c28f22e8b96e1ab97ce403110664 -> 
  custom:audio-decoder-ogg-vorbis: bf7c407c2cedff20999df2af8eb42d56 -> 
  custom:audio-encoder-webm-vorbis: bf7c407c2cedff20999df2af8eb42d56 -> 
